[00:03:50] [Server thread/INFO]: moreracamilo has made the advancement [Behind bars]
[00:03:51] [Netty Epoll Server IO #5/INFO]: [do_a_barrel_roll] Client of moreracamilo accepted server config.
[00:03:52] [Server thread/INFO]: elpatomaster has made the advancement [Behind bars]
[00:03:52] [Netty Epoll Server IO #0/INFO]: [do_a_barrel_roll] Client of elpatomaster accepted server config.
[00:07:49] [Server thread/INFO]: elpatomaster lost connection: Disconnected
[00:07:49] [Server thread/INFO]: elpatomaster left the game
[00:07:49] [Server thread/INFO]: remove player wand
[00:07:49] [Server thread/INFO]: Updating all forceload tickets for 3245d95f-ea56-467b-b302-d389a30d7f29
[00:07:51] [Server thread/INFO]: moreracamilo lost connection: Disconnected
[00:07:51] [Server thread/INFO]: moreracamilo left the game
[00:07:51] [Server thread/INFO]: remove player wand
[00:07:51] [Server thread/INFO]: Updating all forceload tickets for 60f28b87-4fcb-4dfe-ba72-33ba4cf30542
[00:07:52] [User Authenticator #5/INFO]: UUID of player elpatomaster is 3245d95f-ea56-467b-b302-d389a30d7f29
[00:07:52] [Server thread/INFO]: [Handshake] Sending channel query
[00:07:52] [Netty Epoll Server IO #2/INFO]: [Handshake] Receiving client channels
[00:07:52] [Netty Epoll Server IO #2/INFO]: [Handshake] Handshake completed successfully
[00:07:52] [Server thread/INFO]: elpatomaster[/10.241.215.23:60442] logged in with entity id 24961 at (4.319115217432688, 42.03159653865856, 1.9387529160073167)
[00:07:52] [Server thread/INFO]: Sending server config values to client
[00:07:53] [Server thread/INFO]: Syncing config to elpatomaster (3245d95f-ea56-467b-b302-d389a30d7f29)
[00:07:53] [Server thread/INFO]: Loading config from file...
[00:07:53] [Server thread/INFO]: [betternether] Freeze Registry[ResourceKey[minecraft:root / worlds_together:worldgen/betterx/surface_rules] (Stable)]
[00:07:53] [Server thread/INFO]: elpatomaster joined the game
[00:07:53] [Server thread/INFO]: Loading Configs for Sortilege
[00:07:53] [Server thread/INFO]: Couldn't find config value for path : "[death, glowing_killer]", defaulting to true
[00:07:53] [Server thread/INFO]: Updating all forceload tickets for 3245d95f-ea56-467b-b302-d389a30d7f29
[00:07:53] [Server thread/INFO]: PLAYER_JOIN
[00:07:53] [Server thread/INFO]: add_player wand
[00:07:53] [Server thread/INFO]: config sent
[00:07:55] [Netty Epoll Server IO #2/INFO]: Receiving client config
[00:07:55] [User Authenticator #6/INFO]: UUID of player moreracamilo is 60f28b87-4fcb-4dfe-ba72-33ba4cf30542
[00:07:55] [Server thread/INFO]: [Handshake] Sending channel query
[00:07:55] [Netty Epoll Server IO #4/INFO]: [Handshake] Receiving client channels
[00:07:55] [Netty Epoll Server IO #4/INFO]: [Handshake] Handshake completed successfully
[00:07:55] [Server thread/INFO]: moreracamilo[/10.241.249.156:57759] logged in with entity id 24964 at (2.517667786332586, 42.04286129178001, 3.508919377599221)
[00:07:55] [Server thread/INFO]: Sending server config values to client
[00:07:55] [Server thread/INFO]: Syncing config to moreracamilo (60f28b87-4fcb-4dfe-ba72-33ba4cf30542)
[00:07:55] [Server thread/INFO]: Loading config from file...
[00:07:55] [Server thread/INFO]: [betternether] Freeze Registry[ResourceKey[minecraft:root / worlds_together:worldgen/betterx/surface_rules] (Stable)]
[00:07:55] [Server thread/INFO]: moreracamilo joined the game
[00:07:55] [Server thread/INFO]: Loading Configs for Sortilege
[00:07:55] [Server thread/INFO]: Couldn't find config value for path : "[death, glowing_killer]", defaulting to true
[00:07:56] [Netty Epoll Server IO #2/INFO]: [Ping-Wheel] Channel update: elpatomaster -> Global
[00:07:56] [Netty Epoll Server IO #2/INFO]: Priority overwritten for player elpatomaster. Claiming: GRAVE / Robbing: INVENTORY
[00:07:56] [Server thread/INFO]: Updating all forceload tickets for 60f28b87-4fcb-4dfe-ba72-33ba4cf30542
[00:07:56] [Server thread/INFO]: PLAYER_JOIN
[00:07:56] [Server thread/INFO]: add_player wand
[00:07:56] [Server thread/INFO]: config sent
[00:07:57] [Netty Epoll Server IO #2/INFO]: [do_a_barrel_roll] Client of elpatomaster accepted server config.
[00:07:57] [Netty Epoll Server IO #4/INFO]: Receiving client config
[00:07:58] [Netty Epoll Server IO #4/INFO]: [Ping-Wheel] Channel update: moreracamilo -> Global
[00:07:58] [Netty Epoll Server IO #4/INFO]: Priority overwritten for player moreracamilo. Claiming: GRAVE / Robbing: INVENTORY
[00:08:04] [Netty Epoll Server IO #4/INFO]: [do_a_barrel_roll] Client of moreracamilo accepted server config.
[00:11:47] [Server thread/INFO]: elpatomaster has made the advancement [A crafter that runs on cells...]
[00:12:00] [Server thread/INFO]: moreracamilo has made the advancement [A crafter that runs on cells...]
[00:12:35] [Server thread/INFO]: elpatomaster has made the advancement [Love the serenity...]
[00:12:35] [Netty Epoll Server IO #2/INFO]: [do_a_barrel_roll] Client of elpatomaster accepted server config.
[00:12:37] [Server thread/WARN]: Can't keep up! Is the server overloaded? Running 2661ms or 53 ticks behind
[00:12:37] [Server thread/INFO]: moreracamilo has made the advancement [Love the serenity...]
[00:12:37] [Netty Epoll Server IO #4/INFO]: [do_a_barrel_roll] Client of moreracamilo accepted server config.
[00:12:58] [Server thread/WARN]: Tried to load a DUMMY block entity @ class_2338{x=-60, y=178, z=-153} but found not block entity block Block{minecraft:air} at location
[00:12:58] [Server thread/WARN]: Tried to load a block entity for block Block{minecraft:air} but failed at location class_2338{x=-60, y=178, z=-153}
[00:15:40] [Server thread/INFO]: The difficulty has been set to Hard
[00:18:13] [Server thread/INFO]: Made elpatomaster a server operator
[00:18:13] [Netty Epoll Server IO #2/INFO]: [do_a_barrel_roll] Client of elpatomaster accepted server config.
[00:19:11] [Server thread/INFO]: [elpatomaster: Created team [all]]
[00:19:17] [Server thread/INFO]: [elpatomaster: Added elpatomaster to team [all]]
[00:19:22] [Server thread/INFO]: [elpatomaster: Added 2 members to team [all]]
[00:19:35] [Server thread/INFO]: [elpatomaster: Disabled friendly fire for team [all]]
